2015-09-11 20:47:51
Info	run
File	/Library/WebServer/Documents/github/brave/src/Cms/Init.php:40
REQUEST_URI	/default/index

2015-09-11 20:49:36
Info	run
File	/Library/WebServer/Documents/github/brave/src/Cms/Init.php:40
REQUEST_URI	/github/brave/src/Cms/www/
HTTP_REFERER	http://127.0.0.1/github/brave/src/Cms/

2015-09-11 20:49:59
Info	run
File	/Library/WebServer/Documents/github/brave/src/Cms/Init.php:40
REQUEST_URI	/github/brave/src/Cms/www/
HTTP_REFERER	http://127.0.0.1/github/brave/src/Cms/

2015-09-11 20:50:09
Info	run
File	/Library/WebServer/Documents/github/brave/src/Cms/Init.php:40
REQUEST_URI	/github/brave/src/Cms/www/default/index

2015-09-11 20:50:15
Info	run
File	/Library/WebServer/Documents/github/brave/src/Cms/Init.php:40
REQUEST_URI	/github/brave/src/Cms/www/default/index

2015-09-11 20:50:50
Info	run
File	/Library/WebServer/Documents/github/brave/src/Cms/Init.php:40
REQUEST_URI	/github/brave/src/Cms/www/default/index

2015-09-11 20:50:59
Info	run
File	/Library/WebServer/Documents/github/brave/src/Cms/Init.php:40
REQUEST_URI	/github/brave/src/Cms/www/default/index

2015-09-11 20:52:13
Info	run
File	/Library/WebServer/Documents/github/brave/src/Cms/Init.php:40
REQUEST_URI	/github/brave/src/Cms/www/default/index

2015-09-11 20:52:46
Info	run
File	/Library/WebServer/Documents/github/brave/src/Cms/Init.php:40
REQUEST_URI	/github/brave/src/Cms/www/default/index

2015-09-11 20:53:02
Info	run
File	/Library/WebServer/Documents/github/brave/src/Cms/Init.php:40
REQUEST_URI	/github/brave/src/Cms/www/default/index

2015-09-11 20:53:06
Info	run
File	/Library/WebServer/Documents/github/brave/src/Cms/Init.php:40
REQUEST_URI	/github/brave/src/Cms/www/default/index

2015-09-11 20:53:18
Info	run
File	/Library/WebServer/Documents/github/brave/src/Cms/Init.php:40
REQUEST_URI	/github/brave/src/Cms/www/default/index

2015-09-11 20:53:18
Info	run
File	/Library/WebServer/Documents/github/brave/src/Cms/Init.php:40
REQUEST_URI	/github/brave/src/Cms/www/default/index

2015-09-11 20:53:33
Info	run
File	/Library/WebServer/Documents/github/brave/src/Cms/Init.php:40
REQUEST_URI	/github/brave/src/Cms/www/default/index

2015-09-11 20:53:34
Info	run
File	/Library/WebServer/Documents/github/brave/src/Cms/Init.php:40
REQUEST_URI	/github/brave/src/Cms/www/default/index

2015-09-11 20:54:18
Info	run
File	/Library/WebServer/Documents/github/brave/src/Cms/Init.php:40
REQUEST_URI	/github/brave/src/Cms/www/default/index

2015-09-11 20:54:23
Info	run
File	/Library/WebServer/Documents/github/brave/src/Cms/Init.php:40
REQUEST_URI	/default/index

2015-09-11 20:54:24
Info	run
File	/Library/WebServer/Documents/github/brave/src/Cms/Init.php:40
REQUEST_URI	/default/index

2015-09-11 20:54:24
Info	run
File	/Library/WebServer/Documents/github/brave/src/Cms/Init.php:40
REQUEST_URI	/default/index

2015-09-11 20:54:25
Info	run
File	/Library/WebServer/Documents/github/brave/src/Cms/Init.php:40
REQUEST_URI	/default/index

2015-09-11 20:55:20
Info	run
File	/Library/WebServer/Documents/github/brave/src/Cms/Init.php:40
REQUEST_URI	/default/index

2015-09-11 20:55:24
Info	run
File	/Library/WebServer/Documents/github/brave/src/Cms/Init.php:40
REQUEST_URI	/default/index

2015-09-11 20:55:42
Info	run
File	/Library/WebServer/Documents/github/brave/src/Cms/Init.php:40
REQUEST_URI	/default/index

2015-09-11 20:55:45
Info	run
File	/Library/WebServer/Documents/github/brave/src/Cms/Init.php:40
REQUEST_URI	/default/index

2015-09-11 20:56:31
Info	run
File	/Library/WebServer/Documents/github/brave/src/Cms/Init.php:40
REQUEST_URI	/default/index

2015-09-11 20:56:36
Info	run
File	/Library/WebServer/Documents/github/brave/src/Cms/Init.php:40
REQUEST_URI	/default/index

2015-09-11 20:56:37
Info	run
File	/Library/WebServer/Documents/github/brave/src/Cms/Init.php:40
REQUEST_URI	/default/index

2015-09-11 20:56:39
Info	run
File	/Library/WebServer/Documents/github/brave/src/Cms/Init.php:40
REQUEST_URI	/default/index

2015-09-11 20:56:42
Info	run
File	/Library/WebServer/Documents/github/brave/src/Cms/Init.php:40
REQUEST_URI	/default/index

2015-09-11 20:56:47
Info	run
File	/Library/WebServer/Documents/github/brave/src/Cms/Init.php:40
REQUEST_URI	/

2015-09-11 20:57:09
Info	run
File	/Library/WebServer/Documents/github/brave/src/Cms/Init.php:40
REQUEST_URI	/

2015-09-11 20:57:09
Info	run
File	/Library/WebServer/Documents/github/brave/src/Cms/Init.php:40
REQUEST_URI	/

2015-09-11 20:57:14
Info	run
File	/Library/WebServer/Documents/github/brave/src/Cms/Init.php:40
REQUEST_URI	/

2015-09-11 20:57:35
Info	run
File	/Library/WebServer/Documents/github/brave/src/Cms/Init.php:40
REQUEST_URI	/

